<?xml version="1.0" encoding="UTF-8"?>
<!-- Generated by org.testng.reporters.JUnitXMLReporter -->
<testsuite hostname="SWGOTTIM-IN" ignored="0" name="Command line test" tests="3" failures="0" timestamp="2021-07-16T08:26:48 IST" time="0.073" errors="0">
  <testcase name="AppiumCode" time="0.007" classname="qaclickacademy.AppiumCodeTest"/>
  <testcase name="RestAssuredCode" time="0.0" classname="qaclickacademy.ResAssuredTest"/>
  <testcase name="SeleniumTest" time="0.001" classname="qaclickacademy.SeleniumAppTest"/>
</testsuite> <!-- Command line test -->
