<?xml version="1.0" encoding="UTF-8"?>
<!-- Generated by org.testng.reporters.JUnitXMLReporter -->
<testsuite hostname="SWGOTTIM-IN" ignored="0" name="Test" tests="3" failures="0" timestamp="2021-07-17T14:52:47 IST" time="0.056" errors="0">
  <testcase name="RestAssuredCode" time="0.006" classname="qaclickacademy.ResAssuredTest"/>
  <testcase name="AppiumCode" time="0.0" classname="qaclickacademy.AppiumCodeTest"/>
  <testcase name="SeleniumTest" time="0.0" classname="qaclickacademy.SeleniumAppTest"/>
</testsuite> <!-- Test -->
